[debug] [2023-09-05T04:23:29.486Z] ----------------------------------------------------------------------
[debug] [2023-09-05T04:23:29.490Z] Command:       C:\Program Files\nodejs\node.exe C:\Users\shubh\AppData\Roaming\npm\node_modules\firebase-tools\lib\bin\firebase.js init
[debug] [2023-09-05T04:23:29.490Z] CLI Version:   12.5.2
[debug] [2023-09-05T04:23:29.491Z] Platform:      win32
[debug] [2023-09-05T04:23:29.491Z] Node Version:  v18.16.0
[debug] [2023-09-05T04:23:29.493Z] Time:          Tue Sep 05 2023 09:53:29 GMT+0530 (India Standard Time)
[debug] [2023-09-05T04:23:29.493Z] ----------------------------------------------------------------------
[debug] 
[debug] [2023-09-05T04:23:29.611Z] > command requires scopes: ["email","openid","https://www.googleapis.com/auth/cloudplatformprojects.readonly","https://www.googleapis.com/auth/firebase","https://www.googleapis.com/auth/cloud-platform"]
[debug] [2023-09-05T04:23:29.612Z] > authorizing via signed-in user (shubhamrathod9632@gmail.com)
[info] 
     ######## #### ########  ######## ########     ###     ######  ########
     ##        ##  ##     ## ##       ##     ##  ##   ##  ##       ##
     ######    ##  ########  ######   ########  #########  ######  ######
     ##        ##  ##    ##  ##       ##     ## ##     ##       ## ##
     ##       #### ##     ## ######## ########  ##     ##  ######  ########

You're about to initialize a Firebase project in this directory:

  C:\Users\shubh\Desktop\Amazon clone

Before we get started, keep in mind:

  * You are initializing within an existing Firebase project directory

[info] 
=== Project Setup
[info] 
[info] First, let's associate this project directory with a Firebase project.
[info] You can create multiple project aliases by running firebase use --add, 
[info] but for now we'll just set up a default project.
[info] 
[debug] [2023-09-05T04:23:38.339Z] Using project from CLI flag: clone-6bc80
[debug] [2023-09-05T04:23:38.344Z] >>> [apiv2][query] GET https://firebase.googleapis.com/v1beta1/projects/clone-6bc80 [none]
[debug] [2023-09-05T04:23:40.107Z] <<< [apiv2][status] GET https://firebase.googleapis.com/v1beta1/projects/clone-6bc80 200
[debug] [2023-09-05T04:23:40.108Z] <<< [apiv2][body] GET https://firebase.googleapis.com/v1beta1/projects/clone-6bc80 {"projectId":"clone-6bc80","projectNumber":"595091760894","displayName":"amazon clone","name":"projects/clone-6bc80","resources":{"hostingSite":"clone-6bc80"},"state":"ACTIVE","etag":"1_bcc5fb04-45b3-4e9d-bb21-b5e3341f645a"}
[info] i  Using project clone-6bc80 (amazon clone) 
[info] 
=== Hosting Setup
[info] 
[info] Your public directory is the folder (relative to your project directory) that
[info] will contain Hosting assets to be uploaded with firebase deploy. If you
[info] have a build process for your assets, use your build's output directory.
[info] 
[info] +  Wrote y/404.html 
[debug] [2023-09-05T04:29:15.400Z] >>> [apiv2][query] GET https://www.gstatic.com/firebasejs/releases.json [none]
[debug] [2023-09-05T04:29:18.255Z] <<< [apiv2][status] GET https://www.gstatic.com/firebasejs/releases.json 200
[debug] [2023-09-05T04:29:18.255Z] <<< [apiv2][body] GET https://www.gstatic.com/firebasejs/releases.json {"current":{"version":"10.3.1","browserURL":"https://www.gstatic.com/firebasejs/10.3.1/firebase.js","packageURL":"https://www.gstatic.com/firebasejs/10.3.1/firebase.tgz"},"live":{"version":"10.3","browserURL":"https://www.gstatic.com/firebasejs/live/10.3/firebase.js","packageURL":"https://www.gstatic.com/firebasejs/live/10.3/firebase.tgz"},"components":{"analytics":"https://www.gstatic.com/firebasejs/10.3.1/firebase-analytics.js","app":"https://www.gstatic.com/firebasejs/10.3.1/firebase-app.js","app-check":"https://www.gstatic.com/firebasejs/10.3.1/firebase-app-check.js","auth":"https://www.gstatic.com/firebasejs/10.3.1/firebase-auth.js","auth/cordova":"https://www.gstatic.com/firebasejs/10.3.1/firebase-auth/cordova.js","functions":"https://www.gstatic.com/firebasejs/10.3.1/firebase-functions.js","firestore":"https://www.gstatic.com/firebasejs/10.3.1/firebase-firestore.js","firestore/lite":"https://www.gstatic.com/firebasejs/10.3.1/firebase-firestore/lite.js","installations":"https://www.gstatic.com/firebasejs/10.3.1/firebase-installations.js","storage":"https://www.gstatic.com/firebasejs/10.3.1/firebase-storage.js","performance":"https://www.gstatic.com/firebasejs/10.3.1/firebase-performance.js","remote-config":"https://www.gstatic.com/firebasejs/10.3.1/firebase-remote-config.js","messaging":"https://www.gstatic.com/firebasejs/10.3.1/firebase-messaging.js","messaging/sw":"https://www.gstatic.com/firebasejs/10.3.1/firebase-messaging/sw.js","database":"https://www.gstatic.com/firebasejs/10.3.1/firebase-database.js","firestore.memory":"https://www.gstatic.com/firebasejs/10.3.1/firebase-firestore.memory.js"}}
[info] +  Wrote y/index.html 
[info] 
[info] i  Writing configuration info to firebase.json... 
[info] i  Writing project information to .firebaserc... 
[info] i  Writing gitignore file to .gitignore... 
[info] 
[info] +  Firebase initialization complete! 
